<?xml version="1.0" encoding="UTF-8"?>
<testsuite xmlns:xsi="http://www.w3.org/2001/XMLSchema-instance" xsi:noNamespaceSchemaLocation="https://maven.apache.org/surefire/maven-surefire-plugin/xsd/surefire-test-report.xsd" version="3.0.1" name="testRunner.TestRunner" time="29.156" tests="6" errors="0" skipped="0" failures="2">
  <properties>
[...]
</properties>
  <testcase name="runScenario[&quot;Add a new customer&quot;, &quot;Customers&quot;](1)" classname="testRunner.TestRunner" time="3.252">
    <failure message="expected [Dashboard / nopCommerce administration] but found [Your store. Login]" type="java.lang.AssertionError"><![CDATA[java.lang.AssertionError: expected [Dashboard / nopCommerce administration] but found [Your store. Login]
	at org.testng.Assert.fail(Assert.java:111)
	at org.testng.Assert.failNotEquals(Assert.java:1578)
	at org.testng.Assert.assertEqualsImpl(Assert.java:150)
	at org.testng.Assert.assertEquals(Assert.java:132)
	at org.testng.Assert.assertEquals(Assert.java:656)
	at org.testng.Assert.assertEquals(Assert.java:666)
	at stepDefinitions.NopCommerceSteps.user_can_see_the_dashboard(NopCommerceSteps.java:137)
	at ✽.User can see the dashboard(file:///E:/Cucumber_SDET-QA/nopCommerce_Cucumber/features/AddNewCustomers.feature:10)
]]></failure>
    <system-out><![CDATA[
@regression
Scenario: Add a new customer                                                                 # features/AddNewCustomers.feature:16
  Given User launches chrome browser                                                         # stepDefinitions.NopCommerceSteps.user_launches_chrome_browser()
  When User opens URL "https://admin-demo.nopcommerce.com/login"                             # stepDefinitions.NopCommerceSteps.user_opens_url(java.lang.String)
  And User enters email as "admin@yourstore.com" and password as "admin"                     # stepDefinitions.NopCommerceSteps.user_enters_email_as_and_password_as(java.lang.String,java.lang.String)
  And User clicks on login button                                                            # stepDefinitions.NopCommerceSteps.user_clicks_on_login_button()
  Then User can see the dashboard                                                            # stepDefinitions.NopCommerceSteps.user_can_see_the_dashboard()
      java.lang.AssertionError: expected [Dashboard / nopCommerce administration] but found [Your store. Login]
	at org.testng.Assert.fail(Assert.java:111)
	at org.testng.Assert.failNotEquals(Assert.java:1578)
	at org.testng.Assert.assertEqualsImpl(Assert.java:150)
	at org.testng.Assert.assertEquals(Assert.java:132)
	at org.testng.Assert.assertEquals(Assert.java:656)
	at org.testng.Assert.assertEquals(Assert.java:666)
	at stepDefinitions.NopCommerceSteps.user_can_see_the_dashboard(NopCommerceSteps.java:137)
	at âœ½.User can see the dashboard(file:///E:/Cucumber_SDET-QA/nopCommerce_Cucumber/features/AddNewCustomers.feature:10)

  When User clicks on Customers menu                                                         # stepDefinitions.NopCommerceSteps.user_clicks_on_customers_menu()
  And User clicks on Customers menu item                                                     # stepDefinitions.NopCommerceSteps.user_clicks_on_customers_menu_item()
  And User clicks on Add new button                                                          # stepDefinitions.NopCommerceSteps.user_clicks_on_add_new_button()
  Then User can see the Add a new customer page                                              # stepDefinitions.NopCommerceSteps.user_can_see_the_add_a_new_customer_page()
  When User enters Customer info                                                             # stepDefinitions.NopCommerceSteps.user_enters_customer_info()
  And User clicks on Save button                                                             # stepDefinitions.NopCommerceSteps.user_clicks_on_save_button()
  Then User can see the confirmation message "The new customer has been added successfully." # stepDefinitions.NopCommerceSteps.user_can_see_the_confirmation_message(java.lang.String)
  And User closes the browser                                                                # stepDefinitions.NopCommerceSteps.User_closes_the_browser()
]]></system-out>
    <system-err><![CDATA[SLF4J(W): No SLF4J providers were found.
SLF4J(W): Defaulting to no-operation (NOP) logger implementation
SLF4J(W): See https://www.slf4j.org/codes.html#noProviders for further details.
Nov 22, 2024 9:56:01 PM org.openqa.selenium.devtools.CdpVersionFinder findNearestMatch
WARNING: Unable to find an exact match for CDP version 131, returning the closest version; found: 130; Please update to a Selenium version that supports CDP version 131
]]></system-err>
  </testcase>
  <testcase name="runScenario[&quot;Search Customer by Email id&quot;, &quot;Customers&quot;](2)" classname="testRunner.TestRunner" time="6.5">
    <system-out><![CDATA[
@sanity
Scenario: Search Customer by Email id                                    # features/AddNewCustomers.feature:27
  Given User launches chrome browser                                     # stepDefinitions.NopCommerceSteps.user_launches_chrome_browser()
  When User opens URL "https://admin-demo.nopcommerce.com/login"         # stepDefinitions.NopCommerceSteps.user_opens_url(java.lang.String)
  And User enters email as "admin@yourstore.com" and password as "admin" # stepDefinitions.NopCommerceSteps.user_enters_email_as_and_password_as(java.lang.String,java.lang.String)
  And User clicks on login button                                        # stepDefinitions.NopCommerceSteps.user_clicks_on_login_button()
  Then User can see the dashboard                                        # stepDefinitions.NopCommerceSteps.user_can_see_the_dashboard()
  When User clicks on Customers menu                                     # stepDefinitions.NopCommerceSteps.user_clicks_on_customers_menu()
  And User clicks on Customers menu item                                 # stepDefinitions.NopCommerceSteps.user_clicks_on_customers_menu_item()
  Then User can see the Customers page                                   # stepDefinitions.NopCommerceSteps.user_can_see_the_customers_page()
  When User enters customer email                                        # stepDefinitions.NopCommerceSteps.user_enters_customer_email()
  And User clicks on Search button                                       # stepDefinitions.NopCommerceSteps.user_clicks_on_search_button()
  Then User should found email in the search table                       # stepDefinitions.NopCommerceSteps.user_should_found_email_in_the_search_table()
  And User closes the browser                                            # stepDefinitions.NopCommerceSteps.User_closes_the_browser()
]]></system-out>
    <system-err><![CDATA[Nov 22, 2024 9:56:04 PM org.openqa.selenium.devtools.CdpVersionFinder findNearestMatch
WARNING: Unable to find an exact match for CDP version 131, returning the closest version; found: 130; Please update to a Selenium version that supports CDP version 131
]]></system-err>
  </testcase>
  <testcase name="runScenario[&quot;Search Customer by Name&quot;, &quot;Customers&quot;](3)" classname="testRunner.TestRunner" time="6.715">
    <system-out><![CDATA[
@regression @sanity
Scenario: Search Customer by Name                                        # features/AddNewCustomers.feature:37
  Given User launches chrome browser                                     # stepDefinitions.NopCommerceSteps.user_launches_chrome_browser()
  When User opens URL "https://admin-demo.nopcommerce.com/login"         # stepDefinitions.NopCommerceSteps.user_opens_url(java.lang.String)
  And User enters email as "admin@yourstore.com" and password as "admin" # stepDefinitions.NopCommerceSteps.user_enters_email_as_and_password_as(java.lang.String,java.lang.String)
  And User clicks on login button                                        # stepDefinitions.NopCommerceSteps.user_clicks_on_login_button()
  Then User can see the dashboard                                        # stepDefinitions.NopCommerceSteps.user_can_see_the_dashboard()
  When User clicks on Customers menu                                     # stepDefinitions.NopCommerceSteps.user_clicks_on_customers_menu()
  And User clicks on Customers menu item                                 # stepDefinitions.NopCommerceSteps.user_clicks_on_customers_menu_item()
  Then User can see the Customers page                                   # stepDefinitions.NopCommerceSteps.user_can_see_the_customers_page()
  When User enters customer first name                                   # stepDefinitions.NopCommerceSteps.user_enters_customer_first_name()
  And User enters customer last name                                     # stepDefinitions.NopCommerceSteps.user_enters_customer_last_name()
  And User clicks on Search button                                       # stepDefinitions.NopCommerceSteps.user_clicks_on_search_button()
  Then User should found name in the search table                        # stepDefinitions.NopCommerceSteps.user_should_found_name_in_the_search_table()
  And User closes the browser                                            # stepDefinitions.NopCommerceSteps.User_closes_the_browser()
]]></system-out>
    <system-err><![CDATA[Nov 22, 2024 9:56:10 PM org.openqa.selenium.devtools.CdpVersionFinder findNearestMatch
WARNING: Unable to find an exact match for CDP version 131, returning the closest version; found: 130; Please update to a Selenium version that supports CDP version 131
]]></system-err>
  </testcase>
  <testcase name="runScenario[&quot;Successful Login With Valid Credentials&quot;, &quot;Login&quot;](4)" classname="testRunner.TestRunner" time="4.816">
    <system-out><![CDATA[
@sanity
Scenario: Successful Login With Valid Credentials                        # features/Login.feature:5
  Given User launches chrome browser                                     # stepDefinitions.NopCommerceSteps.user_launches_chrome_browser()
  When User opens URL "https://admin-demo.nopcommerce.com/login"         # stepDefinitions.NopCommerceSteps.user_opens_url(java.lang.String)
  And User enters email as "admin@yourstore.com" and password as "admin" # stepDefinitions.NopCommerceSteps.user_enters_email_as_and_password_as(java.lang.String,java.lang.String)
  And User clicks on login button                                        # stepDefinitions.NopCommerceSteps.user_clicks_on_login_button()
  Then Page title should be "Dashboard / nopCommerce administration"     # stepDefinitions.NopCommerceSteps.page_title_should_be(java.lang.String)
  When User clicks on the logout link                                    # stepDefinitions.NopCommerceSteps.user_clicks_on_the_logout_link()
  Then Page title should be "Your store. Login"                          # stepDefinitions.NopCommerceSteps.page_title_should_be(java.lang.String)
  And User closes the browser                                            # stepDefinitions.NopCommerceSteps.User_closes_the_browser()
]]></system-out>
    <system-err><![CDATA[Nov 22, 2024 9:56:17 PM org.openqa.selenium.devtools.CdpVersionFinder findNearestMatch
WARNING: Unable to find an exact match for CDP version 131, returning the closest version; found: 130; Please update to a Selenium version that supports CDP version 131
]]></system-err>
  </testcase>
  <testcase name="runScenario[&quot;Login Data Driven&quot;, &quot;Login&quot;](5)" classname="testRunner.TestRunner" time="5.066">
    <system-out><![CDATA[
@regression
Scenario Outline: Login Data Driven                                      # features/Login.feature:29
  Given User launches chrome browser                                     # stepDefinitions.NopCommerceSteps.user_launches_chrome_browser()
  When User opens URL "https://admin-demo.nopcommerce.com/login"         # stepDefinitions.NopCommerceSteps.user_opens_url(java.lang.String)
  And User enters email as "admin@yourstore.com" and password as "admin" # stepDefinitions.NopCommerceSteps.user_enters_email_as_and_password_as(java.lang.String,java.lang.String)
  And User clicks on login button                                        # stepDefinitions.NopCommerceSteps.user_clicks_on_login_button()
  Then Page title should be "Dashboard / nopCommerce administration"     # stepDefinitions.NopCommerceSteps.page_title_should_be(java.lang.String)
  When User clicks on the logout link                                    # stepDefinitions.NopCommerceSteps.user_clicks_on_the_logout_link()
  Then Page title should be "Your store. Login"                          # stepDefinitions.NopCommerceSteps.page_title_should_be(java.lang.String)
  And User closes the browser                                            # stepDefinitions.NopCommerceSteps.User_closes_the_browser()
]]></system-out>
    <system-err><![CDATA[Nov 22, 2024 9:56:22 PM org.openqa.selenium.devtools.CdpVersionFinder findNearestMatch
WARNING: Unable to find an exact match for CDP version 131, returning the closest version; found: 130; Please update to a Selenium version that supports CDP version 131
]]></system-err>
  </testcase>
  <testcase name="runScenario[&quot;Login Data Driven&quot;, &quot;Login&quot;](6)" classname="testRunner.TestRunner" time="1.815">
    <failure message="Login is unsuccessful" type="java.lang.AssertionError"><![CDATA[java.lang.AssertionError: Login is unsuccessful
	at org.testng.Assert.fail(Assert.java:111)
	at stepDefinitions.NopCommerceSteps.page_title_should_be(NopCommerceSteps.java:111)
	at ✽.Page title should be "Dashboard / nopCommerce administration"(file:///E:/Cucumber_SDET-QA/nopCommerce_Cucumber/features/Login.feature:22)
]]></failure>
    <system-out><![CDATA[
@regression
Scenario Outline: Login Data Driven                                          # features/Login.feature:30
  Given User launches chrome browser                                         # stepDefinitions.NopCommerceSteps.user_launches_chrome_browser()
  When User opens URL "https://admin-demo.nopcommerce.com/login"             # stepDefinitions.NopCommerceSteps.user_opens_url(java.lang.String)
  And User enters email as "admin1@yourstore.com" and password as "admin123" # stepDefinitions.NopCommerceSteps.user_enters_email_as_and_password_as(java.lang.String,java.lang.String)
  And User clicks on login button                                            # stepDefinitions.NopCommerceSteps.user_clicks_on_login_button()
  Then Page title should be "Dashboard / nopCommerce administration"         # stepDefinitions.NopCommerceSteps.page_title_should_be(java.lang.String)
      java.lang.AssertionError: Login is unsuccessful
	at org.testng.Assert.fail(Assert.java:111)
	at stepDefinitions.NopCommerceSteps.page_title_should_be(NopCommerceSteps.java:111)
	at âœ½.Page title should be "Dashboard / nopCommerce administration"(file:///E:/Cucumber_SDET-QA/nopCommerce_Cucumber/features/Login.feature:22)

  When User clicks on the logout link                                        # stepDefinitions.NopCommerceSteps.user_clicks_on_the_logout_link()
  Then Page title should be "Your store. Login"                              # stepDefinitions.NopCommerceSteps.page_title_should_be(java.lang.String)
  And User closes the browser                                                # stepDefinitions.NopCommerceSteps.User_closes_the_browser()
]]></system-out>
    <system-err><![CDATA[Nov 22, 2024 9:56:27 PM org.openqa.selenium.devtools.CdpVersionFinder findNearestMatch
WARNING: Unable to find an exact match for CDP version 131, returning the closest version; found: 130; Please update to a Selenium version that supports CDP version 131
]]></system-err>
  </testcase>
</testsuite>